<?xml version="1.0" encoding="UTF-8"?>
<!-- Generated by org.testng.reporters.JUnitXMLReporter -->
<testsuite ignored="0" hostname="DESKTOP-FBLO2R3" failures="0" tests="5" name="Default test" time="11.669" errors="0" timestamp="2024-03-24T14:21:44 IST">
  <testcase classname="org.testngbasics.TestNg02InstaSuite" name="launchingBrowser" time="6.737"/>
  <testcase classname="org.testngbasics.TestNg02InstaSuite" name="enterUser" time="2.402"/>
  <testcase classname="org.testngbasics.TestNg02InstaSuite" name="enterUser" time="1.126"/>
  <testcase classname="org.testngbasics.TestNg02InstaSuite" name="enterUser" time="0.959"/>
  <testcase classname="org.testngbasics.TestNg02InstaSuite" name="closeeBrowser" time="0.351"/>
</testsuite> <!-- Default test -->
