<?xml version="1.0" encoding="UTF-8"?>
<!-- Generated by org.testng.reporters.JUnitXMLReporter -->
<testsuite ignored="0" hostname="DESKTOP-FBLO2R3" failures="0" tests="5" name="Default test" time="9.727" errors="0" timestamp="2024-03-23T12:39:44 IST">
  <testcase classname="org.testngbasics.TestNg04Assert" name="lauchingBrowser" time="8.473"/>
  <testcase classname="org.testngbasics.TestNg04Assert" name="enterUsername" time="0.315"/>
  <testcase classname="org.testngbasics.TestNg04Assert" name="getTit" time="0.071"/>
  <testcase classname="org.testngbasics.TestNg04Assert" name="clickLoginBtn" time="0.376"/>
  <testcase classname="org.testngbasics.TestNg04Assert" name="closeTheBrowser" time="0.359"/>
</testsuite> <!-- Default test -->
