<?xml version="1.0" encoding="UTF-8"?>
<testng-results ignored="0" total="5" passed="5" failed="0" skipped="0">
  <reporter-output>
  </reporter-output>
  <suite started-at="2024-03-23T12:39:35 IST" name="Default suite" finished-at="2024-03-23T12:39:44 IST" duration-ms="9727">
    <groups>
    </groups>
    <test started-at="2024-03-23T12:39:35 IST" name="Default test" finished-at="2024-03-23T12:39:44 IST" duration-ms="9727">
      <class name="org.testngbasics.TestNg04Assert">
        <test-method signature="lauchingBrowser()[pri:-5, instance:org.testngbasics.TestNg04Assert@248e319b]" started-at="2024-03-23T12:39:35 IST" name="lauchingBrowser" finished-at="2024-03-23T12:39:43 IST" duration-ms="8473" status="PASS">
          <reporter-output>
          </reporter-output>
        </test-method> <!-- lauchingBrowser -->
        <test-method signature="enterUsername(java.lang.String)[pri:-4, instance:org.testngbasics.TestNg04Assert@248e319b]" started-at="2024-03-23T12:39:43 IST" name="enterUsername" finished-at="2024-03-23T12:39:44 IST" duration-ms="315" status="PASS">
          <params>
            <param index="0">
              <value>
                <![CDATA[asasakbarsha7676@gmail.com]]>
              </value>
            </param>
          </params>
          <reporter-output>
          </reporter-output>
        </test-method> <!-- enterUsername -->
        <test-method signature="getTit()[pri:-2, instance:org.testngbasics.TestNg04Assert@248e319b]" started-at="2024-03-23T12:39:44 IST" name="getTit" finished-at="2024-03-23T12:39:44 IST" duration-ms="71" status="PASS">
          <reporter-output>
          </reporter-output>
        </test-method> <!-- getTit -->
        <test-method signature="clickLoginBtn()[pri:-1, instance:org.testngbasics.TestNg04Assert@248e319b]" started-at="2024-03-23T12:39:44 IST" name="clickLoginBtn" finished-at="2024-03-23T12:39:44 IST" duration-ms="376" status="PASS">
          <reporter-output>
          </reporter-output>
        </test-method> <!-- clickLoginBtn -->
        <test-method signature="closeTheBrowser()[pri:0, instance:org.testngbasics.TestNg04Assert@248e319b]" started-at="2024-03-23T12:39:44 IST" name="closeTheBrowser" finished-at="2024-03-23T12:39:44 IST" duration-ms="359" status="PASS">
          <reporter-output>
          </reporter-output>
        </test-method> <!-- closeTheBrowser -->
      </class> <!-- org.testngbasics.TestNg04Assert -->
    </test> <!-- Default test -->
  </suite> <!-- Default suite -->
</testng-results>
